<?xml version="1.0" encoding="UTF-8"?>
<testng-results ignored="0" total="1" passed="1" failed="0" skipped="0">
  <reporter-output>
  </reporter-output>
  <suite started-at="2023-12-26T15:42:05 EET" name="Default suite" finished-at="2023-12-26T15:42:05 EET" duration-ms="140">
    <groups>
    </groups>
    <test started-at="2023-12-26T15:42:05 EET" name="Default test" finished-at="2023-12-26T15:42:05 EET" duration-ms="140">
      <class name="Base.BaseTest">
        <test-method signature="useM()[pri:0, instance:Base.BaseTest@d86a6f]" started-at="2023-12-26T15:42:05 EET" name="useM" finished-at="2023-12-26T15:42:05 EET" duration-ms="10" status="PASS">
          <reporter-output>
          </reporter-output>
        </test-method> <!-- useM -->
      </class> <!-- Base.BaseTest -->
    </test> <!-- Default test -->
  </suite> <!-- Default suite -->
</testng-results>
